<?xml version="1.0" encoding="UTF-8"?>
<!-- Generated by org.testng.reporters.JUnitReportReporter -->
<testsuite skipped="9" hostname="INF84" name="cursoemvideo.teste.TesteNomeVideo" tests="11" failures="0" timestamp="10 out 2019 13:06:55 GMT" time="2.318" errors="0">
  <testcase name="python3Estruturas" time="1.571" classname="cursoemvideo.teste.TesteNomeVideo"/>
  <testcase name="python3Fundamentos" time="0.747" classname="cursoemvideo.teste.TesteNomeVideo"/>
  <testcase name="banco" classname="cursoemvideo.teste.TesteNomeVideo">
    <skipped/>
  </testcase> <!-- banco -->
  <testcase name="html" classname="cursoemvideo.teste.TesteNomeVideo">
    <skipped/>
  </testcase> <!-- html -->
  <testcase name="PHP" classname="cursoemvideo.teste.TesteNomeVideo">
    <skipped/>
  </testcase> <!-- PHP -->
  <testcase name="hardware" classname="cursoemvideo.teste.TesteNomeVideo">
    <skipped/>
  </testcase> <!-- hardware -->
  <testcase name="python3EstruturasCompostas" classname="cursoemvideo.teste.TesteNomeVideo">
    <skipped/>
  </testcase> <!-- python3EstruturasCompostas -->
  <testcase name="logica" classname="cursoemvideo.teste.TesteNomeVideo">
    <skipped/>
  </testcase> <!-- logica -->
  <testcase name="pooPHP" classname="cursoemvideo.teste.TesteNomeVideo">
    <skipped/>
  </testcase> <!-- pooPHP -->
  <testcase name="java" classname="cursoemvideo.teste.TesteNomeVideo">
    <skipped/>
  </testcase> <!-- java -->
  <testcase name="pooJava" classname="cursoemvideo.teste.TesteNomeVideo">
    <skipped/>
  </testcase> <!-- pooJava -->
</testsuite> <!-- cursoemvideo.teste.TesteNomeVideo -->
