<?xml version="1.0" encoding="UTF-8"?>
<!-- Generated by org.testng.reporters.JUnitReportReporter -->
<testsuite skipped="9" hostname="archlinux" name="cursoemvideo.TesteNomeVideo" tests="11" failures="0" timestamp="22 jan 2019 03:05:13 GMT" time="2.619" errors="0">
  <testcase name="python3Fundamentos" time="1.061" classname="cursoemvideo.TesteNomeVideo"/>
  <testcase name="python3Estruturas" time="1.558" classname="cursoemvideo.TesteNomeVideo"/>
  <testcase name="hardware" classname="cursoemvideo.TesteNomeVideo">
    <skipped/>
  </testcase> <!-- hardware -->
  <testcase name="banco" classname="cursoemvideo.TesteNomeVideo">
    <skipped/>
  </testcase> <!-- banco -->
  <testcase name="PHP" classname="cursoemvideo.TesteNomeVideo">
    <skipped/>
  </testcase> <!-- PHP -->
  <testcase name="html" classname="cursoemvideo.TesteNomeVideo">
    <skipped/>
  </testcase> <!-- html -->
  <testcase name="logica" classname="cursoemvideo.TesteNomeVideo">
    <skipped/>
  </testcase> <!-- logica -->
  <testcase name="pooPHP" classname="cursoemvideo.TesteNomeVideo">
    <skipped/>
  </testcase> <!-- pooPHP -->
  <testcase name="python3EstruturasCompostas" classname="cursoemvideo.TesteNomeVideo">
    <skipped/>
  </testcase> <!-- python3EstruturasCompostas -->
  <testcase name="java" classname="cursoemvideo.TesteNomeVideo">
    <skipped/>
  </testcase> <!-- java -->
  <testcase name="pooJava" classname="cursoemvideo.TesteNomeVideo">
    <skipped/>
  </testcase> <!-- pooJava -->
</testsuite> <!-- cursoemvideo.TesteNomeVideo -->
